{
  "RSpec": {
    "coverage": {
      "/Users/lucasteles/Rails/Testes/rspec_tests/app/helpers/application_helper.rb": [
        1,
        null
      ],
      "/Users/lucasteles/Rails/Testes/rspec_tests/app/models/post.rb": [
        1,
        1,
        null,
        1,
        null
      ],
      "/Users/lucasteles/Rails/Testes/rspec_tests/app/models/user.rb": [
        1,
        1,
        null,
        1,
        1,
        null,
        1,
        2,
        null,
        null
      ],
      "/Users/lucasteles/Rails/Testes/rspec_tests/app/controllers/application_controller.rb": [
        0,
        0,
        0,
        0,
        0
      ]
    },
    "timestamp": 1459780640
  }
}
