{
  "RSpec": {
    "coverage": {
      "/Users/lucasteles/Rails/Testes/rspec_tests/app/helpers/application_helper.rb": [
        1,
        null
      ],
      "/Users/lucasteles/Rails/Testes/rspec_tests/app/helpers/home_helper.rb": [
        1,
        null
      ],
      "/Users/lucasteles/Rails/Testes/rspec_tests/app/helpers/posts_helper.rb": [
        1,
        null
      ],
      "/Users/lucasteles/Rails/Testes/rspec_tests/app/helpers/users_helper.rb": [
        1,
        null
      ],
      "/Users/lucasteles/Rails/Testes/rspec_tests/app/controllers/home_controller.rb": [
        1,
        1,
        1,
        1,
        null,
        null
      ],
      "/Users/lucasteles/Rails/Testes/rspec_tests/app/controllers/application_controller.rb": [
        1,
        null,
        null,
        1,
        null
      ],
      "/Users/lucasteles/Rails/Testes/rspec_tests/app/controllers/posts_controller.rb": [
        1,
        1,
        null,
        null,
        null,
        1,
        0,
        null,
        null,
        null,
        null,
        1,
        null,
        null,
        null,
        1,
        7,
        null,
        null,
        null,
        1,
        null,
        null,
        null,
        null,
        1,
        6,
        null,
        6,
        6,
        2,
        1,
        null,
        10,
        5,
        null,
        null,
        null,
        null,
        null,
        null,
        1,
        3,
        3,
        2,
        1,
        null,
        4,
        2,
        null,
        null,
        null,
        null,
        null,
        null,
        1,
        0,
        0,
        0,
        0,
        null,
        null,
        null,
        1,
        null,
        1,
        8,
        null,
        null,
        null,
        1,
        9,
        null,
        null
      ],
      "/Users/lucasteles/Rails/Testes/rspec_tests/app/controllers/users_controller.rb": [
        1,
        1,
        null,
        null,
        null,
        1,
        1,
        null,
        null,
        null,
        null,
        1,
        null,
        null,
        null,
        1,
        9,
        null,
        null,
        null,
        1,
        null,
        null,
        null,
        null,
        1,
        8,
        null,
        8,
        8,
        2,
        1,
        null,
        14,
        7,
        null,
        null,
        null,
        null,
        null,
        null,
        1,
        5,
        5,
        2,
        1,
        null,
        8,
        4,
        null,
        null,
        null,
        null,
        null,
        null,
        1,
        0,
        0,
        0,
        0,
        null,
        null,
        null,
        1,
        null,
        1,
        12,
        null,
        null,
        null,
        1,
        13,
        null,
        null
      ],
      "/Users/lucasteles/Rails/Testes/rspec_tests/app/models/post.rb": [
        1,
        1,
        null,
        1,
        null
      ],
      "/Users/lucasteles/Rails/Testes/rspec_tests/app/models/user.rb": [
        1,
        1,
        null,
        1,
        1,
        1,
        null,
        1,
        36,
        null,
        null
      ]
    },
    "timestamp": 1459979381
  }
}
